<?xml version="1.0" encoding="UTF-8"?>
<Site BuildName="Win32-ninja"
	BuildStamp="20240301-1548-Experimental"
	Name="HP"
	Generator="ctest-3.27.9"
	CompilerName="C:/msys64/mingw64/bin/g++.exe"
	CompilerVersion="13.2.0"
	OSName="Windows"
	Hostname="HP"
	OSRelease=" Professional"
	OSVersion=" (Build 22631)"
	OSPlatform="AMD64"
	Is64Bits="1"
	VendorString="GenuineIntel"
	VendorID="Intel Corporation"
	FamilyID="6"
	ModelID="10"
	ProcessorCacheSize="-1"
	NumberOfLogicalCPU="12"
	NumberOfPhysicalCPU="10"
	TotalVirtualMemory="35472"
	TotalPhysicalMemory="16016"
	LogicalProcessorsPerPhysical="1"
	ProcessorClockFrequency="2622"
	>
	<Testing>
		<StartDateTime>Mar 01 17:48 South Africa Standard Time</StartDateTime>
		<StartTestTime>1709308097</StartTestTime>
		<TestList/>
		<EndDateTime>Mar 01 17:48 South Africa Standard Time</EndDateTime>
		<EndTestTime>1709308097</EndTestTime>
		<ElapsedMinutes>0</ElapsedMinutes>
	</Testing>
</Site>
